[Wed Oct 30 18:58:43 2013] [info] Listening at "http://*:3000".
[Wed Oct 30 18:58:58 2013] [info] Listening at "http://*:3000".
[Wed Oct 30 18:59:01 2013] [debug] Your secret passphrase needs to be changed!!!
[Wed Oct 30 18:59:01 2013] [debug] GET "/".
[Wed Oct 30 18:59:01 2013] [debug] Routing to controller "PerlChina::Example" and action "welcome".
[Wed Oct 30 18:59:01 2013] [debug] Rendering template "example/welcome.html.ep".
[Wed Oct 30 18:59:01 2013] [debug] Rendering template "layouts/default.html.ep".
[Wed Oct 30 18:59:01 2013] [debug] 200 OK (0.011464s, 87.230/s).
[Wed Oct 30 18:59:07 2013] [debug] GET "/".
[Wed Oct 30 18:59:07 2013] [debug] Routing to controller "PerlChina::Example" and action "welcome".
[Wed Oct 30 18:59:07 2013] [debug] Rendering cached template "example/welcome.html.ep".
[Wed Oct 30 18:59:07 2013] [debug] Rendering cached template "layouts/default.html.ep".
[Wed Oct 30 18:59:07 2013] [debug] 200 OK (0.001838s, 544.070/s).
[Wed Oct 30 19:00:30 2013] [debug] GET "/".
[Wed Oct 30 19:00:30 2013] [debug] Routing to controller "PerlChina::Example" and action "welcome".
[Wed Oct 30 19:00:30 2013] [debug] Rendering cached template "example/welcome.html.ep".
[Wed Oct 30 19:00:30 2013] [debug] Rendering cached template "layouts/default.html.ep".
[Wed Oct 30 19:00:30 2013] [debug] 200 OK (0.001465s, 682.594/s).
[Wed Oct 30 19:00:31 2013] [debug] GET "/".
[Wed Oct 30 19:00:31 2013] [debug] Routing to controller "PerlChina::Example" and action "welcome".
[Wed Oct 30 19:00:31 2013] [debug] Rendering cached template "example/welcome.html.ep".
[Wed Oct 30 19:00:31 2013] [debug] Rendering cached template "layouts/default.html.ep".
[Wed Oct 30 19:00:31 2013] [debug] 200 OK (0.001781s, 561.482/s).
[Wed Oct 30 19:00:31 2013] [debug] GET "/".
[Wed Oct 30 19:00:31 2013] [debug] Routing to controller "PerlChina::Example" and action "welcome".
[Wed Oct 30 19:00:31 2013] [debug] Rendering cached template "example/welcome.html.ep".
[Wed Oct 30 19:00:31 2013] [debug] Rendering cached template "layouts/default.html.ep".
[Wed Oct 30 19:00:31 2013] [debug] 200 OK (0.001691s, 591.366/s).
[Wed Oct 30 19:01:02 2013] [debug] GET "/".
[Wed Oct 30 19:01:02 2013] [debug] Routing to controller "PerlChina::Example" and action "welcome".
[Wed Oct 30 19:01:02 2013] [debug] Rendering cached template "example/welcome.html.ep".
[Wed Oct 30 19:01:02 2013] [debug] Rendering cached template "layouts/default.html.ep".
[Wed Oct 30 19:01:02 2013] [debug] 200 OK (0.001701s, 587.889/s).
[Wed Oct 30 19:01:02 2013] [debug] GET "/".
[Wed Oct 30 19:01:02 2013] [debug] Routing to controller "PerlChina::Example" and action "welcome".
[Wed Oct 30 19:01:02 2013] [debug] Rendering cached template "example/welcome.html.ep".
[Wed Oct 30 19:01:02 2013] [debug] Rendering cached template "layouts/default.html.ep".
[Wed Oct 30 19:01:02 2013] [debug] 200 OK (0.001637s, 610.874/s).
[Wed Oct 30 19:01:03 2013] [debug] GET "/".
[Wed Oct 30 19:01:03 2013] [debug] Routing to controller "PerlChina::Example" and action "welcome".
[Wed Oct 30 19:01:03 2013] [debug] Rendering cached template "example/welcome.html.ep".
[Wed Oct 30 19:01:03 2013] [debug] Rendering cached template "layouts/default.html.ep".
[Wed Oct 30 19:01:03 2013] [debug] 200 OK (0.001790s, 558.659/s).
[Wed Oct 30 19:01:03 2013] [debug] GET "/".
[Wed Oct 30 19:01:03 2013] [debug] Routing to controller "PerlChina::Example" and action "welcome".
[Wed Oct 30 19:01:03 2013] [debug] Rendering cached template "example/welcome.html.ep".
[Wed Oct 30 19:01:03 2013] [debug] Rendering cached template "layouts/default.html.ep".
[Wed Oct 30 19:01:03 2013] [debug] 200 OK (0.001306s, 765.697/s).
[Wed Oct 30 19:01:03 2013] [debug] GET "/".
[Wed Oct 30 19:01:03 2013] [debug] Routing to controller "PerlChina::Example" and action "welcome".
[Wed Oct 30 19:01:03 2013] [debug] Rendering cached template "example/welcome.html.ep".
[Wed Oct 30 19:01:03 2013] [debug] Rendering cached template "layouts/default.html.ep".
[Wed Oct 30 19:01:03 2013] [debug] 200 OK (0.001313s, 761.615/s).
[Wed Oct 30 19:01:03 2013] [debug] GET "/".
[Wed Oct 30 19:01:03 2013] [debug] Routing to controller "PerlChina::Example" and action "welcome".
[Wed Oct 30 19:01:03 2013] [debug] Rendering cached template "example/welcome.html.ep".
[Wed Oct 30 19:01:03 2013] [debug] Rendering cached template "layouts/default.html.ep".
[Wed Oct 30 19:01:03 2013] [debug] 200 OK (0.001356s, 737.463/s).
[Wed Oct 30 19:01:04 2013] [debug] GET "/".
[Wed Oct 30 19:01:04 2013] [debug] Routing to controller "PerlChina::Example" and action "welcome".
[Wed Oct 30 19:01:04 2013] [debug] Rendering cached template "example/welcome.html.ep".
[Wed Oct 30 19:01:04 2013] [debug] Rendering cached template "layouts/default.html.ep".
[Wed Oct 30 19:01:04 2013] [debug] 200 OK (0.002146s, 465.983/s).
[Wed Oct 30 19:01:06 2013] [debug] GET "/".
[Wed Oct 30 19:01:06 2013] [debug] Routing to controller "PerlChina::Example" and action "welcome".
[Wed Oct 30 19:01:06 2013] [debug] Rendering cached template "example/welcome.html.ep".
[Wed Oct 30 19:01:06 2013] [debug] Rendering cached template "layouts/default.html.ep".
[Wed Oct 30 19:01:06 2013] [debug] 200 OK (0.002187s, 457.247/s).
[Wed Oct 30 19:01:08 2013] [debug] GET "/js/bootstrap/bootstrap.min.js".
[Wed Oct 30 19:01:08 2013] [debug] Template "not_found.development.html.ep" not found.
[Wed Oct 30 19:01:08 2013] [debug] Template "not_found.html.ep" not found.
[Wed Oct 30 19:01:08 2013] [debug] Rendering inline template.
[Wed Oct 30 19:01:08 2013] [debug] Rendering inline template.
[Wed Oct 30 19:01:08 2013] [debug] 404 Not Found (0.016193s, 61.755/s).
[Wed Oct 30 19:01:08 2013] [debug] GET "/img/glyphicons-halflings-white.png".
[Wed Oct 30 19:01:08 2013] [debug] Template "not_found.development.html.ep" not found.
[Wed Oct 30 19:01:08 2013] [debug] Template "not_found.html.ep" not found.
[Wed Oct 30 19:01:08 2013] [debug] Rendering cached inline template.
[Wed Oct 30 19:01:08 2013] [debug] Rendering cached inline template.
[Wed Oct 30 19:01:08 2013] [debug] 404 Not Found (0.008280s, 120.773/s).
[Wed Oct 30 19:01:08 2013] [debug] GET "/img/glyphicons-halflings.png".
[Wed Oct 30 19:01:08 2013] [debug] Template "not_found.development.html.ep" not found.
[Wed Oct 30 19:01:08 2013] [debug] Template "not_found.html.ep" not found.
[Wed Oct 30 19:01:08 2013] [debug] Rendering cached inline template.
[Wed Oct 30 19:01:08 2013] [debug] Rendering cached inline template.
[Wed Oct 30 19:01:08 2013] [debug] 404 Not Found (0.005273s, 189.645/s).
[Wed Oct 30 19:03:05 2013] [debug] GET "/js/bootstrap/bootstrap.min.js".
[Wed Oct 30 19:03:05 2013] [debug] Template "not_found.development.html.ep" not found.
[Wed Oct 30 19:03:05 2013] [debug] Template "not_found.html.ep" not found.
[Wed Oct 30 19:03:05 2013] [debug] Rendering cached inline template.
[Wed Oct 30 19:03:05 2013] [debug] Rendering cached inline template.
[Wed Oct 30 19:03:05 2013] [debug] 404 Not Found (0.004659s, 214.638/s).
[Wed Oct 30 19:03:10 2013] [debug] GET "/js/bootstrap/bootstrap.min.js".
[Wed Oct 30 19:03:10 2013] [debug] Template "not_found.development.html.ep" not found.
[Wed Oct 30 19:03:10 2013] [debug] Template "not_found.html.ep" not found.
[Wed Oct 30 19:03:10 2013] [debug] Rendering cached inline template.
[Wed Oct 30 19:03:10 2013] [debug] Rendering cached inline template.
[Wed Oct 30 19:03:10 2013] [debug] 404 Not Found (0.006664s, 150.060/s).
[Wed Oct 30 19:03:14 2013] [debug] GET "/js/bootstrap/bootstrap.min.js".
[Wed Oct 30 19:03:14 2013] [debug] Template "not_found.development.html.ep" not found.
[Wed Oct 30 19:03:14 2013] [debug] Template "not_found.html.ep" not found.
[Wed Oct 30 19:03:14 2013] [debug] Rendering cached inline template.
[Wed Oct 30 19:03:14 2013] [debug] Rendering cached inline template.
[Wed Oct 30 19:03:14 2013] [debug] 404 Not Found (0.004730s, 211.416/s).
[Wed Oct 30 19:03:27 2013] [debug] GET "/".
[Wed Oct 30 19:03:27 2013] [debug] Routing to controller "PerlChina::Example" and action "welcome".
[Wed Oct 30 19:03:27 2013] [debug] Rendering cached template "example/welcome.html.ep".
[Wed Oct 30 19:03:27 2013] [debug] Rendering cached template "layouts/default.html.ep".
[Wed Oct 30 19:03:27 2013] [debug] 200 OK (0.001949s, 513.084/s).
[Wed Oct 30 19:03:30 2013] [debug] GET "/".
[Wed Oct 30 19:03:30 2013] [debug] Routing to controller "PerlChina::Example" and action "welcome".
[Wed Oct 30 19:03:30 2013] [debug] Rendering cached template "example/welcome.html.ep".
[Wed Oct 30 19:03:30 2013] [debug] Rendering cached template "layouts/default.html.ep".
[Wed Oct 30 19:03:30 2013] [debug] 200 OK (0.002027s, 493.340/s).
[Wed Oct 30 19:03:31 2013] [debug] GET "/js/bootstrap/bootstrap.min.js".
[Wed Oct 30 19:03:31 2013] [debug] Template "not_found.development.html.ep" not found.
[Wed Oct 30 19:03:31 2013] [debug] Template "not_found.html.ep" not found.
[Wed Oct 30 19:03:31 2013] [debug] Rendering cached inline template.
[Wed Oct 30 19:03:31 2013] [debug] Rendering cached inline template.
[Wed Oct 30 19:03:31 2013] [debug] 404 Not Found (0.005037s, 198.531/s).
[Wed Oct 30 19:03:49 2013] [debug] GET "/".
[Wed Oct 30 19:03:49 2013] [debug] Routing to controller "PerlChina::Example" and action "welcome".
[Wed Oct 30 19:03:49 2013] [debug] Rendering cached template "example/welcome.html.ep".
[Wed Oct 30 19:03:49 2013] [debug] Rendering cached template "layouts/default.html.ep".
[Wed Oct 30 19:03:49 2013] [debug] 200 OK (0.001384s, 722.543/s).
[Wed Oct 30 19:03:58 2013] [debug] GET "/".
[Wed Oct 30 19:03:58 2013] [debug] Routing to controller "PerlChina::Example" and action "welcome".
[Wed Oct 30 19:03:58 2013] [debug] Rendering cached template "example/welcome.html.ep".
[Wed Oct 30 19:03:58 2013] [debug] Rendering cached template "layouts/default.html.ep".
[Wed Oct 30 19:03:58 2013] [debug] 200 OK (0.002558s, 390.930/s).
[Wed Oct 30 19:04:00 2013] [debug] GET "/".
[Wed Oct 30 19:04:00 2013] [debug] Routing to controller "PerlChina::Example" and action "welcome".
[Wed Oct 30 19:04:00 2013] [debug] Rendering cached template "example/welcome.html.ep".
[Wed Oct 30 19:04:00 2013] [debug] Rendering cached template "layouts/default.html.ep".
[Wed Oct 30 19:04:00 2013] [debug] 200 OK (0.001941s, 515.198/s).
[Wed Oct 30 19:04:01 2013] [debug] GET "/".
[Wed Oct 30 19:04:01 2013] [debug] Routing to controller "PerlChina::Example" and action "welcome".
[Wed Oct 30 19:04:01 2013] [debug] Rendering cached template "example/welcome.html.ep".
[Wed Oct 30 19:04:01 2013] [debug] Rendering cached template "layouts/default.html.ep".
[Wed Oct 30 19:04:01 2013] [debug] 200 OK (0.001720s, 581.395/s).
[Wed Oct 30 19:04:01 2013] [debug] GET "/".
[Wed Oct 30 19:04:01 2013] [debug] Routing to controller "PerlChina::Example" and action "welcome".
[Wed Oct 30 19:04:01 2013] [debug] Rendering cached template "example/welcome.html.ep".
[Wed Oct 30 19:04:01 2013] [debug] Rendering cached template "layouts/default.html.ep".
[Wed Oct 30 19:04:01 2013] [debug] 200 OK (0.001320s, 757.576/s).
[Wed Oct 30 19:04:04 2013] [debug] GET "/js/bootstrap/bootstrap.min.js".
[Wed Oct 30 19:04:04 2013] [debug] Template "not_found.development.html.ep" not found.
[Wed Oct 30 19:04:04 2013] [debug] Template "not_found.html.ep" not found.
[Wed Oct 30 19:04:04 2013] [debug] Rendering cached inline template.
[Wed Oct 30 19:04:04 2013] [debug] Rendering cached inline template.
[Wed Oct 30 19:04:04 2013] [debug] 404 Not Found (0.004569s, 218.866/s).
[Wed Oct 30 19:04:04 2013] [debug] GET "/img/glyphicons-halflings-white.png".
[Wed Oct 30 19:04:04 2013] [debug] Template "not_found.development.html.ep" not found.
[Wed Oct 30 19:04:04 2013] [debug] Template "not_found.html.ep" not found.
[Wed Oct 30 19:04:04 2013] [debug] Rendering cached inline template.
[Wed Oct 30 19:04:04 2013] [debug] Rendering cached inline template.
[Wed Oct 30 19:04:04 2013] [debug] 404 Not Found (0.008478s, 117.952/s).
[Wed Oct 30 19:04:04 2013] [debug] GET "/img/glyphicons-halflings.png".
[Wed Oct 30 19:04:04 2013] [debug] Template "not_found.development.html.ep" not found.
[Wed Oct 30 19:04:04 2013] [debug] Template "not_found.html.ep" not found.
[Wed Oct 30 19:04:04 2013] [debug] Rendering cached inline template.
[Wed Oct 30 19:04:04 2013] [debug] Rendering cached inline template.
[Wed Oct 30 19:04:04 2013] [debug] 404 Not Found (0.004833s, 206.911/s).
[Wed Oct 30 19:04:33 2013] [debug] GET "/js/bootstrap/bootstrap.min.js".
[Wed Oct 30 19:04:33 2013] [debug] Template "not_found.development.html.ep" not found.
[Wed Oct 30 19:04:33 2013] [debug] Template "not_found.html.ep" not found.
[Wed Oct 30 19:04:33 2013] [debug] Rendering cached inline template.
[Wed Oct 30 19:04:33 2013] [debug] Rendering cached inline template.
[Wed Oct 30 19:04:33 2013] [debug] 404 Not Found (0.005406s, 184.980/s).
[Wed Oct 30 19:04:36 2013] [debug] GET "/js/bootstrap/bootstrap.min.js".
[Wed Oct 30 19:04:36 2013] [debug] Template "not_found.development.html.ep" not found.
[Wed Oct 30 19:04:36 2013] [debug] Template "not_found.html.ep" not found.
[Wed Oct 30 19:04:36 2013] [debug] Rendering cached inline template.
[Wed Oct 30 19:04:36 2013] [debug] Rendering cached inline template.
[Wed Oct 30 19:04:36 2013] [debug] 404 Not Found (0.004862s, 205.677/s).
[Wed Oct 30 19:05:35 2013] [info] Listening at "http://*:3000".
[Wed Oct 30 19:05:37 2013] [debug] Your secret passphrase needs to be changed!!!
[Wed Oct 30 19:05:37 2013] [debug] GET "/js/bootstrap/bootstrap.min.js".
[Wed Oct 30 19:05:37 2013] [debug] Template "not_found.development.html.ep" not found.
[Wed Oct 30 19:05:37 2013] [debug] Template "not_found.html.ep" not found.
[Wed Oct 30 19:05:37 2013] [debug] Rendering inline template.
[Wed Oct 30 19:05:37 2013] [debug] Rendering inline template.
[Wed Oct 30 19:05:37 2013] [debug] 404 Not Found (0.018888s, 52.944/s).
[Wed Oct 30 19:05:39 2013] [debug] GET "/js/bootstrap/bootstrap.min.js".
[Wed Oct 30 19:05:39 2013] [debug] Template "not_found.development.html.ep" not found.
[Wed Oct 30 19:05:39 2013] [debug] Template "not_found.html.ep" not found.
[Wed Oct 30 19:05:39 2013] [debug] Rendering cached inline template.
[Wed Oct 30 19:05:39 2013] [debug] Rendering cached inline template.
[Wed Oct 30 19:05:39 2013] [debug] 404 Not Found (0.005000s, 200.000/s).
[Wed Oct 30 19:05:40 2013] [debug] GET "/js/bootstrap/bootstrap.min.js".
[Wed Oct 30 19:05:40 2013] [debug] Template "not_found.development.html.ep" not found.
[Wed Oct 30 19:05:40 2013] [debug] Template "not_found.html.ep" not found.
[Wed Oct 30 19:05:40 2013] [debug] Rendering cached inline template.
[Wed Oct 30 19:05:40 2013] [debug] Rendering cached inline template.
[Wed Oct 30 19:05:40 2013] [debug] 404 Not Found (0.004886s, 204.666/s).
[Wed Oct 30 19:06:50 2013] [debug] GET "/js/bootstrap/bootstrap.min.js".
[Wed Oct 30 19:06:50 2013] [debug] Template "not_found.development.html.ep" not found.
[Wed Oct 30 19:06:50 2013] [debug] Template "not_found.html.ep" not found.
[Wed Oct 30 19:06:50 2013] [debug] Rendering cached inline template.
[Wed Oct 30 19:06:50 2013] [debug] Rendering cached inline template.
[Wed Oct 30 19:06:50 2013] [debug] 404 Not Found (0.004820s, 207.469/s).
[Wed Oct 30 19:06:59 2013] [debug] GET "/js/bootstrap/bootstrap.min.js".
[Wed Oct 30 19:06:59 2013] [debug] Template "not_found.development.html.ep" not found.
[Wed Oct 30 19:06:59 2013] [debug] Template "not_found.html.ep" not found.
[Wed Oct 30 19:06:59 2013] [debug] Rendering cached inline template.
[Wed Oct 30 19:06:59 2013] [debug] Rendering cached inline template.
[Wed Oct 30 19:06:59 2013] [debug] 404 Not Found (0.004714s, 212.134/s).
[Wed Oct 30 19:09:30 2013] [debug] GET "/js/bootstrap/bootstrap.min.js".
[Wed Oct 30 19:09:30 2013] [debug] Template "not_found.development.html.ep" not found.
[Wed Oct 30 19:09:30 2013] [debug] Template "not_found.html.ep" not found.
[Wed Oct 30 19:09:30 2013] [debug] Rendering cached inline template.
[Wed Oct 30 19:09:30 2013] [debug] Rendering cached inline template.
[Wed Oct 30 19:09:30 2013] [debug] 404 Not Found (0.005864s, 170.532/s).
[Wed Oct 30 19:10:18 2013] [debug] GET "/js/bootstrap/bootstrap.min.js".
[Wed Oct 30 19:10:18 2013] [debug] Template "not_found.development.html.ep" not found.
[Wed Oct 30 19:10:18 2013] [debug] Template "not_found.html.ep" not found.
[Wed Oct 30 19:10:18 2013] [debug] Rendering cached inline template.
[Wed Oct 30 19:10:18 2013] [debug] Rendering cached inline template.
[Wed Oct 30 19:10:18 2013] [debug] 404 Not Found (0.007160s, 139.665/s).
[Wed Oct 30 19:13:01 2013] [debug] GET "/js/bootstrap/bootstrap.min.js".
[Wed Oct 30 19:13:01 2013] [debug] Template "not_found.development.html.ep" not found.
[Wed Oct 30 19:13:01 2013] [debug] Template "not_found.html.ep" not found.
[Wed Oct 30 19:13:01 2013] [debug] Rendering cached inline template.
[Wed Oct 30 19:13:01 2013] [debug] Rendering cached inline template.
[Wed Oct 30 19:13:01 2013] [debug] 404 Not Found (0.004618s, 216.544/s).
[Wed Oct 30 19:14:19 2013] [debug] GET "/js/bootstrap/bootstrap.min.js".
[Wed Oct 30 19:14:19 2013] [debug] Template "not_found.development.html.ep" not found.
[Wed Oct 30 19:14:19 2013] [debug] Template "not_found.html.ep" not found.
[Wed Oct 30 19:14:19 2013] [debug] Rendering cached inline template.
[Wed Oct 30 19:14:19 2013] [debug] Rendering cached inline template.
[Wed Oct 30 19:14:19 2013] [debug] 404 Not Found (0.005257s, 190.223/s).
[Wed Oct 30 19:15:25 2013] [debug] GET "/js/bootstrap/bootstrap.min.js".
[Wed Oct 30 19:15:25 2013] [debug] Template "not_found.development.html.ep" not found.
[Wed Oct 30 19:15:25 2013] [debug] Template "not_found.html.ep" not found.
[Wed Oct 30 19:15:25 2013] [debug] Rendering cached inline template.
[Wed Oct 30 19:15:25 2013] [debug] Rendering cached inline template.
[Wed Oct 30 19:15:25 2013] [debug] 404 Not Found (0.005357s, 186.672/s).
[Wed Oct 30 19:15:50 2013] [debug] GET "/js/bootstrap/bootstrap.min.js".
[Wed Oct 30 19:15:50 2013] [debug] Template "not_found.development.html.ep" not found.
[Wed Oct 30 19:15:50 2013] [debug] Template "not_found.html.ep" not found.
[Wed Oct 30 19:15:50 2013] [debug] Rendering cached inline template.
[Wed Oct 30 19:15:50 2013] [debug] Rendering cached inline template.
[Wed Oct 30 19:15:50 2013] [debug] 404 Not Found (0.006576s, 152.068/s).
[Wed Oct 30 19:15:59 2013] [debug] GET "/js/bootstrap/bootstrap.min.js".
[Wed Oct 30 19:15:59 2013] [debug] Template "not_found.development.html.ep" not found.
[Wed Oct 30 19:15:59 2013] [debug] Template "not_found.html.ep" not found.
[Wed Oct 30 19:15:59 2013] [debug] Rendering cached inline template.
[Wed Oct 30 19:15:59 2013] [debug] Rendering cached inline template.
[Wed Oct 30 19:15:59 2013] [debug] 404 Not Found (0.005570s, 179.533/s).
[Wed Oct 30 19:16:32 2013] [debug] GET "/js/bootstrap/bootstrap.min.js".
[Wed Oct 30 19:16:32 2013] [debug] Template "not_found.development.html.ep" not found.
[Wed Oct 30 19:16:32 2013] [debug] Template "not_found.html.ep" not found.
[Wed Oct 30 19:16:32 2013] [debug] Rendering cached inline template.
[Wed Oct 30 19:16:32 2013] [debug] Rendering cached inline template.
[Wed Oct 30 19:16:32 2013] [debug] 404 Not Found (0.004797s, 208.464/s).
[Wed Oct 30 19:23:35 2013] [debug] GET "/js/bootstrap/bootstrap.min.js".
[Wed Oct 30 19:23:35 2013] [debug] Template "not_found.development.html.ep" not found.
[Wed Oct 30 19:23:35 2013] [debug] Template "not_found.html.ep" not found.
[Wed Oct 30 19:23:35 2013] [debug] Rendering cached inline template.
[Wed Oct 30 19:23:35 2013] [debug] Rendering cached inline template.
[Wed Oct 30 19:23:35 2013] [debug] 404 Not Found (0.004869s, 205.381/s).
[Wed Oct 30 19:52:27 2013] [debug] GET "/discussion".
[Wed Oct 30 19:52:27 2013] [debug] Template "not_found.development.html.ep" not found.
[Wed Oct 30 19:52:27 2013] [debug] Template "not_found.html.ep" not found.
[Wed Oct 30 19:52:27 2013] [debug] Rendering cached inline template.
[Wed Oct 30 19:52:27 2013] [debug] Rendering cached inline template.
[Wed Oct 30 19:52:27 2013] [debug] 404 Not Found (0.005977s, 167.308/s).
[Wed Oct 30 19:52:28 2013] [debug] GET "/mojo/jquery/jquery-2.0.3.min.map".
[Wed Oct 30 19:52:28 2013] [debug] Template "not_found.development.html.ep" not found.
[Wed Oct 30 19:52:28 2013] [debug] Template "not_found.html.ep" not found.
[Wed Oct 30 19:52:28 2013] [debug] Rendering cached inline template.
[Wed Oct 30 19:52:28 2013] [debug] Rendering cached inline template.
[Wed Oct 30 19:52:28 2013] [debug] 404 Not Found (0.005352s, 186.846/s).
[Wed Oct 30 20:27:45 2013] [info] Listening at "http://*:3000".
[Wed Oct 30 20:27:48 2013] [debug] Your secret passphrase needs to be changed!!!
[Wed Oct 30 20:27:54 2013] [debug] GET "/js/bootstrap/bootstrap.min.js".
[Wed Oct 30 20:27:54 2013] [debug] Template "not_found.development.html.ep" not found.
[Wed Oct 30 20:27:54 2013] [debug] Template "not_found.html.ep" not found.
[Wed Oct 30 20:27:54 2013] [debug] Rendering inline template.
[Wed Oct 30 20:27:54 2013] [debug] Rendering inline template.
[Wed Oct 30 20:27:54 2013] [debug] 404 Not Found (0.017873s, 55.950/s).
[Wed Oct 30 20:27:54 2013] [debug] GET "/img/glyphicons-halflings-white.png".
[Wed Oct 30 20:27:54 2013] [debug] Template "not_found.development.html.ep" not found.
[Wed Oct 30 20:27:54 2013] [debug] Template "not_found.html.ep" not found.
[Wed Oct 30 20:27:54 2013] [debug] Rendering cached inline template.
[Wed Oct 30 20:27:54 2013] [debug] Rendering cached inline template.
[Wed Oct 30 20:27:54 2013] [debug] 404 Not Found (0.008091s, 123.594/s).
[Wed Oct 30 20:27:54 2013] [debug] GET "/img/glyphicons-halflings.png".
[Wed Oct 30 20:27:54 2013] [debug] Template "not_found.development.html.ep" not found.
[Wed Oct 30 20:27:54 2013] [debug] Template "not_found.html.ep" not found.
[Wed Oct 30 20:27:54 2013] [debug] Rendering cached inline template.
[Wed Oct 30 20:27:54 2013] [debug] Rendering cached inline template.
[Wed Oct 30 20:27:54 2013] [debug] 404 Not Found (0.006325s, 158.103/s).
[Wed Oct 30 20:27:54 2013] [debug] GET "/".
[Wed Oct 30 20:27:54 2013] [debug] Routing to controller "PerlChina::Example" and action "welcome".
[Wed Oct 30 20:27:54 2013] [debug] Rendering template "example/welcome.html.ep".
[Wed Oct 30 20:27:54 2013] [debug] Rendering template "layouts/default.html.ep".
[Wed Oct 30 20:27:54 2013] [debug] Rendering template "include/header.html.ep".
[Wed Oct 30 20:27:54 2013] [error] Bareword "keywords" not allowed while "strict subs" in use at template include/header.html.ep line 5.
1: <html><head>
2:   <meta http-equiv="Content-Type" content="text/html; charset=UTF-8">
3:   <title><%= title %></title>
4:   <!--link rel="shortcut icon" href="http://static.duoshuo.com/favicon.ico" type="image/x-icon"-->
5:   <meta name="keywords" content="<%= keywords %>">
6: <!--[if lt IE 9]>
7: 	<script type="text/javascript" src="http://static.duoshuo.com/js/html5.js"></script>
8: <![endif]-->
9:   <link rel="stylesheet" href="/css/bootstrap.min.css">
10:   <link rel="stylesheet/less" href="/css/style.less">

[Wed Oct 30 20:27:54 2013] [debug] Template "exception.development.html.ep" not found.
[Wed Oct 30 20:27:54 2013] [debug] Template "exception.html.ep" not found.
[Wed Oct 30 20:27:54 2013] [debug] Rendering inline template.
[Wed Oct 30 20:27:54 2013] [debug] Rendering inline template.
[Wed Oct 30 20:27:54 2013] [debug] 500 Internal Server Error (0.062415s, 16.022/s).
[Wed Oct 30 20:27:55 2013] [debug] GET "/".
[Wed Oct 30 20:27:55 2013] [debug] Routing to controller "PerlChina::Example" and action "welcome".
[Wed Oct 30 20:27:55 2013] [debug] Rendering cached template "example/welcome.html.ep".
[Wed Oct 30 20:27:55 2013] [debug] Rendering cached template "layouts/default.html.ep".
[Wed Oct 30 20:27:55 2013] [debug] Rendering template "include/header.html.ep".
[Wed Oct 30 20:27:55 2013] [error] Bareword "keywords" not allowed while "strict subs" in use at template include/header.html.ep line 5.
1: <html><head>
2:   <meta http-equiv="Content-Type" content="text/html; charset=UTF-8">
3:   <title><%= title %></title>
4:   <!--link rel="shortcut icon" href="http://static.duoshuo.com/favicon.ico" type="image/x-icon"-->
5:   <meta name="keywords" content="<%= keywords %>">
6: <!--[if lt IE 9]>
7: 	<script type="text/javascript" src="http://static.duoshuo.com/js/html5.js"></script>
8: <![endif]-->
9:   <link rel="stylesheet" href="/css/bootstrap.min.css">
10:   <link rel="stylesheet/less" href="/css/style.less">

[Wed Oct 30 20:27:55 2013] [debug] Template "exception.development.html.ep" not found.
[Wed Oct 30 20:27:55 2013] [debug] Template "exception.html.ep" not found.
[Wed Oct 30 20:27:55 2013] [debug] Rendering cached inline template.
[Wed Oct 30 20:27:55 2013] [debug] Rendering cached inline template.
[Wed Oct 30 20:27:55 2013] [debug] 500 Internal Server Error (0.044123s, 22.664/s).
[Wed Oct 30 20:29:59 2013] [info] Listening at "http://*:3000".
[Wed Oct 30 20:30:01 2013] [debug] Your secret passphrase needs to be changed!!!
[Wed Oct 30 20:30:01 2013] [debug] GET "/".
[Wed Oct 30 20:30:01 2013] [debug] Routing to controller "PerlChina::Example" and action "welcome".
[Wed Oct 30 20:30:01 2013] [debug] Rendering template "example/welcome.html.ep".
[Wed Oct 30 20:30:01 2013] [debug] Rendering template "layouts/default.html.ep".
[Wed Oct 30 20:30:01 2013] [debug] Rendering template "include/header.html.ep".
[Wed Oct 30 20:30:01 2013] [error] Bareword "keywords" not allowed while "strict subs" in use at template include/header.html.ep line 5.
1: <html><head>
2:   <meta http-equiv="Content-Type" content="text/html; charset=UTF-8">
3:   <title><%= title %></title>
4:   <!--link rel="shortcut icon" href="http://static.duoshuo.com/favicon.ico" type="image/x-icon"-->
5:   <meta name="keywords" content="<%= keywords %>">
6: <!--[if lt IE 9]>
7: 	<script type="text/javascript" src="http://static.duoshuo.com/js/html5.js"></script>
8: <![endif]-->
9:   <link rel="stylesheet" href="/css/bootstrap.min.css">
10:   <link rel="stylesheet/less" href="/css/style.less">

[Wed Oct 30 20:30:01 2013] [debug] Template "exception.development.html.ep" not found.
[Wed Oct 30 20:30:01 2013] [debug] Template "exception.html.ep" not found.
[Wed Oct 30 20:30:01 2013] [debug] Rendering inline template.
[Wed Oct 30 20:30:01 2013] [debug] Rendering inline template.
[Wed Oct 30 20:30:01 2013] [debug] 500 Internal Server Error (0.053731s, 18.611/s).
[Wed Oct 30 20:31:05 2013] [debug] GET "/".
[Wed Oct 30 20:31:05 2013] [debug] Routing to controller "PerlChina::Example" and action "welcome".
[Wed Oct 30 20:31:05 2013] [debug] Rendering cached template "example/welcome.html.ep".
[Wed Oct 30 20:31:05 2013] [debug] Rendering cached template "layouts/default.html.ep".
[Wed Oct 30 20:31:05 2013] [debug] Rendering template "include/header.html.ep".
[Wed Oct 30 20:31:05 2013] [debug] Rendering template "include/top.html.ep".
[Wed Oct 30 20:31:05 2013] [error] Bareword "user_name" not allowed while "strict subs" in use at template include/top.html.ep line 63.
58: 					</ul> -->
59: 				</li>
60: 				
61: 				
62: 				<li class="dropdown">
63:                     <a href="#" class="dropdown-toggle" data-toggle="dropdown"><%= user_name %></a>
64: 					<ul class="dropdown-menu">
65: 					 	<li><a href="/user/settings" class="pushstate-link">个人资料</a></li>
66: 					 	<li><a href="/user/message/notice" class="pushstate-link">通知提醒</a></li>
67: 						<li class="divider"></li>
68: 						<li><a href="/user/logout">登出</a></li>

[Wed Oct 30 20:31:05 2013] [debug] Template "exception.development.html.ep" not found.
[Wed Oct 30 20:31:05 2013] [debug] Template "exception.html.ep" not found.
[Wed Oct 30 20:31:05 2013] [debug] Rendering cached inline template.
[Wed Oct 30 20:31:05 2013] [debug] Rendering cached inline template.
[Wed Oct 30 20:31:05 2013] [debug] 500 Internal Server Error (0.033796s, 29.589/s).
[Wed Oct 30 20:31:27 2013] [debug] GET "/".
[Wed Oct 30 20:31:27 2013] [debug] Routing to controller "PerlChina::Example" and action "welcome".
[Wed Oct 30 20:31:27 2013] [debug] Rendering cached template "example/welcome.html.ep".
[Wed Oct 30 20:31:27 2013] [debug] Rendering cached template "layouts/default.html.ep".
[Wed Oct 30 20:31:27 2013] [debug] Rendering cached template "include/header.html.ep".
[Wed Oct 30 20:31:27 2013] [debug] Rendering template "include/top.html.ep".
[Wed Oct 30 20:31:27 2013] [error] Bareword "user_name" not allowed while "strict subs" in use at template include/top.html.ep line 63.
58: 					</ul> -->
59: 				</li>
60: 				
61: 				
62: 				<li class="dropdown">
63:                     <a href="#" class="dropdown-toggle" data-toggle="dropdown"><%= user_name %></a>
64: 					<ul class="dropdown-menu">
65: 					 	<li><a href="/user/settings" class="pushstate-link">个人资料</a></li>
66: 					 	<li><a href="/user/message/notice" class="pushstate-link">通知提醒</a></li>
67: 						<li class="divider"></li>
68: 						<li><a href="/user/logout">登出</a></li>

[Wed Oct 30 20:31:27 2013] [debug] Template "exception.development.html.ep" not found.
[Wed Oct 30 20:31:27 2013] [debug] Template "exception.html.ep" not found.
[Wed Oct 30 20:31:27 2013] [debug] Rendering cached inline template.
[Wed Oct 30 20:31:27 2013] [debug] Rendering cached inline template.
[Wed Oct 30 20:31:27 2013] [debug] 500 Internal Server Error (0.015446s, 64.742/s).
[Wed Oct 30 20:31:35 2013] [debug] GET "/".
[Wed Oct 30 20:31:35 2013] [debug] Routing to controller "PerlChina::Example" and action "welcome".
[Wed Oct 30 20:31:35 2013] [debug] Rendering cached template "example/welcome.html.ep".
[Wed Oct 30 20:31:35 2013] [debug] Rendering cached template "layouts/default.html.ep".
[Wed Oct 30 20:31:35 2013] [debug] Rendering cached template "include/header.html.ep".
[Wed Oct 30 20:31:35 2013] [debug] Rendering template "include/top.html.ep".
[Wed Oct 30 20:31:35 2013] [error] Bareword "user_name" not allowed while "strict subs" in use at template include/top.html.ep line 63.
58: 					</ul> -->
59: 				</li>
60: 				
61: 				
62: 				<li class="dropdown">
63:                     <a href="#" class="dropdown-toggle" data-toggle="dropdown"><%= user_name %></a>
64: 					<ul class="dropdown-menu">
65: 					 	<li><a href="/user/settings" class="pushstate-link">个人资料</a></li>
66: 					 	<li><a href="/user/message/notice" class="pushstate-link">通知提醒</a></li>
67: 						<li class="divider"></li>
68: 						<li><a href="/user/logout">登出</a></li>

[Wed Oct 30 20:31:35 2013] [debug] Template "exception.development.html.ep" not found.
[Wed Oct 30 20:31:35 2013] [debug] Template "exception.html.ep" not found.
[Wed Oct 30 20:31:35 2013] [debug] Rendering cached inline template.
[Wed Oct 30 20:31:35 2013] [debug] Rendering cached inline template.
[Wed Oct 30 20:31:35 2013] [debug] 500 Internal Server Error (0.015732s, 63.565/s).
[Wed Oct 30 20:31:54 2013] [info] Listening at "http://*:3000".
[Wed Oct 30 20:31:56 2013] [debug] Your secret passphrase needs to be changed!!!
[Wed Oct 30 20:31:56 2013] [debug] GET "/".
[Wed Oct 30 20:31:56 2013] [debug] Routing to controller "PerlChina::Example" and action "welcome".
[Wed Oct 30 20:31:56 2013] [debug] Rendering template "example/welcome.html.ep".
[Wed Oct 30 20:31:56 2013] [debug] Rendering template "layouts/default.html.ep".
[Wed Oct 30 20:31:56 2013] [debug] Rendering template "include/header.html.ep".
[Wed Oct 30 20:31:56 2013] [debug] 200 OK (0.026312s, 38.005/s).
[Wed Oct 30 20:32:03 2013] [debug] GET "/js/jquery.min.map".
[Wed Oct 30 20:32:03 2013] [debug] Template "not_found.development.html.ep" not found.
[Wed Oct 30 20:32:03 2013] [debug] Template "not_found.html.ep" not found.
[Wed Oct 30 20:32:03 2013] [debug] Rendering inline template.
[Wed Oct 30 20:32:03 2013] [debug] Rendering inline template.
[Wed Oct 30 20:32:03 2013] [debug] 404 Not Found (0.015460s, 64.683/s).
[Wed Oct 30 20:34:29 2013] [info] Listening at "http://*:3000".
[Wed Oct 30 20:34:32 2013] [debug] Your secret passphrase needs to be changed!!!
[Wed Oct 30 20:34:32 2013] [debug] GET "/".
[Wed Oct 30 20:34:32 2013] [debug] Routing to controller "PerlChina::Example" and action "welcome".
[Wed Oct 30 20:34:32 2013] [debug] Rendering template "example/welcome.html.ep".
[Wed Oct 30 20:34:32 2013] [debug] Rendering template "layouts/default.html.ep".
[Wed Oct 30 20:34:32 2013] [debug] Rendering template "include/header.html.ep".
[Wed Oct 30 20:34:32 2013] [debug] Rendering template "include/top.html.ep".
[Wed Oct 30 20:34:32 2013] [debug] 200 OK (0.033505s, 29.846/s).
[Wed Oct 30 20:34:32 2013] [debug] GET "/img/glyphicons-halflings-white.png".
[Wed Oct 30 20:34:32 2013] [debug] Template "not_found.development.html.ep" not found.
[Wed Oct 30 20:34:32 2013] [debug] Template "not_found.html.ep" not found.
[Wed Oct 30 20:34:32 2013] [debug] Rendering inline template.
[Wed Oct 30 20:34:32 2013] [debug] Rendering inline template.
[Wed Oct 30 20:34:32 2013] [debug] 404 Not Found (0.015898s, 62.901/s).
[Wed Oct 30 20:34:32 2013] [debug] GET "/js/jquery.min.map".
[Wed Oct 30 20:34:32 2013] [debug] Template "not_found.development.html.ep" not found.
[Wed Oct 30 20:34:32 2013] [debug] Template "not_found.html.ep" not found.
[Wed Oct 30 20:34:32 2013] [debug] Rendering cached inline template.
[Wed Oct 30 20:34:32 2013] [debug] Rendering cached inline template.
[Wed Oct 30 20:34:32 2013] [debug] 404 Not Found (0.005079s, 196.889/s).
[Wed Oct 30 20:35:00 2013] [debug] GET "/".
[Wed Oct 30 20:35:00 2013] [debug] Routing to controller "PerlChina::Example" and action "welcome".
[Wed Oct 30 20:35:00 2013] [debug] Rendering cached template "example/welcome.html.ep".
[Wed Oct 30 20:35:00 2013] [debug] Rendering cached template "layouts/default.html.ep".
[Wed Oct 30 20:35:00 2013] [debug] Rendering cached template "include/header.html.ep".
[Wed Oct 30 20:35:00 2013] [debug] Rendering cached template "include/top.html.ep".
[Wed Oct 30 20:35:00 2013] [debug] 200 OK (0.002613s, 382.702/s).
[Wed Oct 30 20:35:03 2013] [debug] GET "/".
[Wed Oct 30 20:35:03 2013] [debug] Routing to controller "PerlChina::Example" and action "welcome".
[Wed Oct 30 20:35:03 2013] [debug] Rendering cached template "example/welcome.html.ep".
[Wed Oct 30 20:35:03 2013] [debug] Rendering cached template "layouts/default.html.ep".
[Wed Oct 30 20:35:03 2013] [debug] Rendering cached template "include/header.html.ep".
[Wed Oct 30 20:35:03 2013] [debug] Rendering cached template "include/top.html.ep".
[Wed Oct 30 20:35:03 2013] [debug] 200 OK (0.002639s, 378.931/s).
[Wed Oct 30 20:35:06 2013] [info] Listening at "http://*:3000".
[Wed Oct 30 20:35:08 2013] [debug] Your secret passphrase needs to be changed!!!
[Wed Oct 30 20:35:08 2013] [debug] GET "/".
[Wed Oct 30 20:35:08 2013] [debug] Routing to controller "PerlChina::Example" and action "welcome".
[Wed Oct 30 20:35:08 2013] [debug] Rendering template "example/welcome.html.ep".
[Wed Oct 30 20:35:08 2013] [debug] Rendering template "layouts/default.html.ep".
[Wed Oct 30 20:35:08 2013] [debug] Rendering template "include/header.html.ep".
[Wed Oct 30 20:35:08 2013] [debug] Rendering template "include/top.html.ep".
[Wed Oct 30 20:35:08 2013] [debug] 200 OK (0.033428s, 29.915/s).
